app/build/outputs/logs/manifest-merger-debug-report.txt
-- Merging decision tree log ---
manifest
ADDED from src\main\AndroidManifest.xml:2:1-61:12
	package
		ADDED from src\main\AndroidManifest.xml:3:5-42
		INJECTED from src\main\AndroidManifest.xml
		INJECTED from src\main\AndroidManifest.xml
	android:versionName
		INJECTED from src\main\AndroidManifest.xml
		INJECTED from src\main\AndroidManifest.xml
	xmlns:android
		ADDED from src\main\AndroidManifest.xml:2:11-69
	android:versionCode
		INJECTED from src\main\AndroidManifest.xml
		INJECTED from src\main\AndroidManifest.xml
uses-permission#android.permission.INTERNET
ADDED from src\main\AndroidManifest.xml:5:5-67
MERGED from [com.daimajia.slider:library:1.1.5] AndroidManifest.xml:11:5-67
	android:name
		ADDED from src\main\AndroidManifest.xml:5:22-64
uses-permission#android.permission.ACCESS_NETWORK_STATE
ADDED from src\main\AndroidManifest.xml:6:5-79
	android:name
		ADDED from src\main\AndroidManifest.xml:6:22-76
application
ADDED from src\main\AndroidManifest.xml:8:5-59:19
MERGED from [de.hdodenhof:circleimageview:2.1.0] AndroidManifest.xml:9:5-20
MERGED from [com.android.support:cardview-v7:25.3.1] AndroidManifest.xml:26:5-20
MERGED from [com.android.support:design:25.3.1] AndroidManifest.xml:29:5-20
MERGED from [com.android.support:transition:25.3.1] AndroidManifest.xml:26:5-20
MERGED from [SiuApp:catloadinglibrary:unspecified] AndroidManifest.xml:11:5-15:19
MERGED from [com.github.mancj:SlideUp-Android:1.0-beta] AndroidManifest.xml:11:5-15:19
MERGED from [com.android.support:appcompat-v7:25.3.1] AndroidManifest.xml:29:5-20
MERGED from [com.android.support:support-v4:25.3.1] AndroidManifest.xml:29:5-20
MERGED from [com.android.support:support-fragment:25.3.1] AndroidManifest.xml:29:5-20
MERGED from [com.android.support:support-media-compat:25.3.1] AndroidManifest.xml:29:5-20
MERGED from [com.android.support:support-core-ui:25.3.1] AndroidManifest.xml:29:5-20
MERGED from [com.android.support:support-core-utils:25.3.1] AndroidManifest.xml:29:5-20
MERGED from [com.android.support:animated-vector-drawable:25.3.1] AndroidManifest.xml:26:5-20
MERGED from [com.android.support:support-vector-drawable:25.3.1] AndroidManifest.xml:26:5-20
MERGED from [com.android.support:support-compat:25.3.1] AndroidManifest.xml:29:5-20
	android:label
		ADDED from src\main\AndroidManifest.xml:12:9-41
	android:supportsRtl
		ADDED from src\main\AndroidManifest.xml:13:9-35
	android:allowBackup
		ADDED from src\main\AndroidManifest.xml:10:9-35
	android:icon
		ADDED from src\main\AndroidManifest.xml:11:9-43
	android:theme
		ADDED from src\main\AndroidManifest.xml:14:9-40
	android:name
		ADDED from src\main\AndroidManifest.xml:9:9-68
activity#com.example.asad.siuapp.Home.MainActivity
ADDED from src\main\AndroidManifest.xml:15:9-78
	android:name
		ADDED from src\main\AndroidManifest.xml:15:19-75
activity#com.example.asad.siuapp.Splashscreen.SplashScreen
ADDED from src\main\AndroidManifest.xml:16:9-22:20
	android:name
		ADDED from src\main\AndroidManifest.xml:16:19-83
intent-filter#android.intent.action.MAIN+android.intent.category.LAUNCHER
ADDED from src\main\AndroidManifest.xml:17:13-21:29
action#android.intent.action.MAIN
ADDED from src\main\AndroidManifest.xml:18:17-69
	android:name
		ADDED from src\main\AndroidManifest.xml:18:25-66
category#android.intent.category.LAUNCHER
ADDED from src\main\AndroidManifest.xml:20:17-77
	android:name
		ADDED from src\main\AndroidManifest.xml:20:27-74
activity#com.example.asad.siuapp.Home.Activity.Academic_Calender
ADDED from src\main\AndroidManifest.xml:23:9-25:62
	android:configChanges
		ADDED from src\main\AndroidManifest.xml:25:13-59
	android:name
		ADDED from src\main\AndroidManifest.xml:24:13-83
activity#com.example.asad.siuapp.Home.Activity.Notice_Activity
ADDED from src\main\AndroidManifest.xml:26:9-28:62
	android:configChanges
		ADDED from src\main\AndroidManifest.xml:28:13-59
	android:name
		ADDED from src\main\AndroidManifest.xml:27:13-81
activity#com.example.asad.siuapp.Home.Activity.NoticeDetail
ADDED from src\main\AndroidManifest.xml:29:9-31:62
	android:configChanges
		ADDED from src\main\AndroidManifest.xml:31:13-59
	android:name
		ADDED from src\main\AndroidManifest.xml:30:13-78
activity#com.example.asad.siuapp.Home.Faculty_Activity.Eng_fac
ADDED from src\main\AndroidManifest.xml:32:9-90
	android:name
		ADDED from src\main\AndroidManifest.xml:32:19-87
activity#com.example.asad.siuapp.Home.Syllabus_Activity.Cse_syl
ADDED from src\main\AndroidManifest.xml:33:9-91
	android:name
		ADDED from src\main\AndroidManifest.xml:33:19-88
activity#com.example.asad.siuapp.Home.Syllabus_Activity.Ece_syl
ADDED from src\main\AndroidManifest.xml:34:9-91
	android:name
		ADDED from src\main\AndroidManifest.xml:34:19-88
activity#com.example.asad.siuapp.Home.Faculty_Activity.Law_fac
ADDED from src\main\AndroidManifest.xml:35:9-90
	android:name
		ADDED from src\main\AndroidManifest.xml:35:19-87
activity#com.example.asad.siuapp.Home.Faculty_Activity.Hum_fac
ADDED from src\main\AndroidManifest.xml:36:9-90
	android:name
		ADDED from src\main\AndroidManifest.xml:36:19-87
activity#com.example.asad.siuapp.Home.Faculty_Activity.Buc_fac
ADDED from src\main\AndroidManifest.xml:37:9-90
	android:name
		ADDED from src\main\AndroidManifest.xml:37:19-87
meta-data#com.onesignal.NotificationOpened.DEFAULT
ADDED from src\main\AndroidManifest.xml:39:9-41:39
	android:value
		ADDED from src\main\AndroidManifest.xml:41:13-36
	android:name
		ADDED from src\main\AndroidManifest.xml:40:13-68
meta-data#io.fabric.ApiKey
ADDED from src\main\AndroidManifest.xml:42:9-44:72
	android:value
		ADDED from src\main\AndroidManifest.xml:44:13-69
	android:name
		ADDED from src\main\AndroidManifest.xml:43:13-44
activity#com.example.asad.siuapp.OneSignalActivity.TextActivity
ADDED from src\main\AndroidManifest.xml:46:9-91
	android:name
		ADDED from src\main\AndroidManifest.xml:46:19-88
activity#com.example.asad.siuapp.OneSignalActivity.ImageActivity
ADDED from src\main\AndroidManifest.xml:47:9-92
	android:name
		ADDED from src\main\AndroidManifest.xml:47:19-89
activity#com.example.asad.siuapp.Home.Activity.Notice_Detail_02
ADDED from src\main\AndroidManifest.xml:48:9-91
	android:name
		ADDED from src\main\AndroidManifest.xml:48:19-88
activity#com.example.asad.siuapp.Home.lab.cse_lab
ADDED from src\main\AndroidManifest.xml:49:9-77
	android:name
		ADDED from src\main\AndroidManifest.xml:49:19-74
activity#com.example.asad.siuapp.Home.lab.ece_lab
ADDED from src\main\AndroidManifest.xml:50:9-77
	android:name
		ADDED from src\main\AndroidManifest.xml:50:19-74
activity#com.example.asad.siuapp.Home.Faculty_Activity.Teacher_Detail.Cse_Teacher_Detail
ADDED from src\main\AndroidManifest.xml:51:9-116
	android:name
		ADDED from src\main\AndroidManifest.xml:51:19-113
activity#com.example.asad.siuapp.Home.Faculty_Activity.Teacher_Detail.Ece_Teacher_Detail
ADDED from src\main\AndroidManifest.xml:52:9-116
	android:name
		ADDED from src\main\AndroidManifest.xml:52:19-113
activity#com.example.asad.siuapp.Home.Faculty_Activity.Teacher_Detail.Eng_Teacher_Detail
ADDED from src\main\AndroidManifest.xml:53:9-116
	android:name
		ADDED from src\main\AndroidManifest.xml:53:19-113
activity#com.example.asad.siuapp.Home.Faculty_Activity.Teacher_Detail.Bba_Teacher_Detail
ADDED from src\main\AndroidManifest.xml:54:9-116
	android:name
		ADDED from src\main\AndroidManifest.xml:54:19-113
activity#com.example.asad.siuapp.Home.Faculty_Activity.Teacher_Detail.Llb_Teacher_Detail
ADDED from src\main\AndroidManifest.xml:55:9-116
	android:name
		ADDED from src\main\AndroidManifest.xml:55:19-113
activity#com.example.asad.siuapp.Home.Faculty_Activity.Teacher_Detail.engdbating
ADDED from src\main\AndroidManifest.xml:56:9-108
	android:name
		ADDED from src\main\AndroidManifest.xml:56:19-105
activity#com.example.asad.siuapp.Home.Activity.Vc
ADDED from src\main\AndroidManifest.xml:57:9-77
	android:name
		ADDED from src\main\AndroidManifest.xml:57:19-74
activity#com.example.asad.siuapp.Home.Activity.Chairman
ADDED from src\main\AndroidManifest.xml:58:9-83
	android:name
		ADDED from src\main\AndroidManifest.xml:58:19-80
uses-sdk
INJECTED from src\main\AndroidManifest.xml reason: use-sdk injection requested
MERGED from [com.android.support:multidex:1.0.1] AndroidManifest.xml:18:5-42
MERGED from [de.hdodenhof:circleimageview:2.1.0] AndroidManifest.xml:5:5-7:41
MERGED from [com.daimajia.slider:library:1.1.5] AndroidManifest.xml:7:5-9:41
MERGED from [com.facebook.fresco:fresco:0.14.1] AndroidManifest.xml:5:5-7:41
MERGED from [com.facebook.fresco:drawee:0.14.1] AndroidManifest.xml:5:5-7:41
MERGED from [com.facebook.fresco:imagepipeline:0.14.1] AndroidManifest.xml:5:5-7:41
MERGED from [com.facebook.fresco:imagepipeline-base:0.14.1] AndroidManifest.xml:5:5-7:41
MERGED from [com.facebook.fresco:fbcore:0.14.1] AndroidManifest.xml:5:5-7:41
MERGED from [com.android.support:cardview-v7:25.3.1] AndroidManifest.xml:20:5-43
MERGED from [com.android.support:design:25.3.1] AndroidManifest.xml:21:5-23:62
MERGED from [com.android.support:recyclerview-v7:25.3.1] AndroidManifest.xml:20:5-43
MERGED from [com.android.support:transition:25.3.1] AndroidManifest.xml:20:5-44
MERGED from [com.github.chrisbanes.photoview:library:1.2.4] AndroidManifest.xml:7:5-9:41
MERGED from [SiuApp:catloadinglibrary:unspecified] AndroidManifest.xml:7:5-9:41
MERGED from [nl.littlerobots.cupboard-tools:gson:0.3.1] AndroidManifest.xml:8:5-10:41
MERGED from [com.github.mancj:SlideUp-Android:1.0-beta] AndroidManifest.xml:7:5-9:41
MERGED from [com.android.support:appcompat-v7:25.3.1] AndroidManifest.xml:21:5-23:78
MERGED from [com.android.support:support-v4:25.3.1] AndroidManifest.xml:21:5-23:54
MERGED from [com.android.support:support-fragment:25.3.1] AndroidManifest.xml:21:5-23:60
MERGED from [com.android.support:support-media-compat:25.3.1] AndroidManifest.xml:21:5-23:63
MERGED from [com.android.support:support-core-ui:25.3.1] AndroidManifest.xml:21:5-23:58
MERGED from [com.android.support:support-core-utils:25.3.1] AndroidManifest.xml:21:5-23:61
MERGED from [com.android.support:animated-vector-drawable:25.3.1] AndroidManifest.xml:20:5-44
MERGED from [com.android.support:support-vector-drawable:25.3.1] AndroidManifest.xml:20:5-43
MERGED from [com.android.support:support-compat:25.3.1] AndroidManifest.xml:21:5-23:58
	tools:overrideLibrary
		ADDED from [com.android.support:design:25.3.1] AndroidManifest.xml:23:9-59
	android:targetSdkVersion
		INJECTED from src\main\AndroidManifest.xml
		INJECTED from src\main\AndroidManifest.xml
	android:minSdkVersion
		INJECTED from src\main\AndroidManifest.xml
		INJECTED from src\main\AndroidManifest.xml
uses-permission#android.permission.WRITE_EXTERNAL_STORAGE
ADDED from [com.daimajia.slider:library:1.1.5] AndroidManifest.xml:12:5-81
	android:name
		ADDED from [com.daimajia.slider:library:1.1.5] AndroidManifest.xml:12:22-78
android:uses-permission#android.permission.READ_EXTERNAL_STORAGE
IMPLIED from src\main\AndroidManifest.xml:2:1-61:12 reason: com.daimajia.slider.library requested WRITE_EXTERNAL_STORAGE
meta-data#android.support.VERSION
ADDED from [com.android.support:cardview-v7:25.3.1] AndroidManifest.xml:22:5-24:34
MERGED from [com.android.support:design:25.3.1] AndroidManifest.xml:25:5-27:34
MERGED from [com.android.support:recyclerview-v7:25.3.1] AndroidManifest.xml:22:5-24:34
MERGED from [com.android.support:transition:25.3.1] AndroidManifest.xml:22:5-24:34
MERGED from [com.android.support:appcompat-v7:25.3.1] AndroidManifest.xml:25:5-27:34
MERGED from [com.android.support:support-v4:25.3.1] AndroidManifest.xml:25:5-27:34
MERGED from [com.android.support:support-fragment:25.3.1] AndroidManifest.xml:25:5-27:34
MERGED from [com.android.support:support-media-compat:25.3.1] AndroidManifest.xml:25:5-27:34
MERGED from [com.android.support:support-core-ui:25.3.1] AndroidManifest.xml:25:5-27:34
MERGED from [com.android.support:support-core-utils:25.3.1] AndroidManifest.xml:25:5-27:34
MERGED from [com.android.support:animated-vector-drawable:25.3.1] AndroidManifest.xml:22:5-24:34
MERGED from [com.android.support:support-vector-drawable:25.3.1] AndroidManifest.xml:22:5-24:34
MERGED from [com.android.support:support-compat:25.3.1] AndroidManifest.xml:25:5-27:34
	android:value
		ADDED from [com.android.support:cardview-v7:25.3.1] AndroidManifest.xml:24:9-31
	android:name
		ADDED from [com.android.support:cardview-v7:25.3.1] AndroidManifest.xml:23:9-47